<?xml version="1.0" encoding="UTF-8"?>
<robot generator="Robot 6.0.2 (Python 3.11.1 on darwin)" generated="20230125 19:18:01.672" rpa="false" schemaversion="3">
<suite id="s1" name="RealizarCadastro" source="/Users/cleberaguiar/Projetos/automacaoWEB_automationPratice/Tests/RealizarCadastro.robot">
<test id="s1-t1" name="CN0001-Cadastro de usuário com sucesso" line="6">
<kw name="Dado que o usuário esteja na página principal" library="kws">
<kw name="Inicio da Sessão" library="hooks">
<kw name="Open Browser" library="SeleniumLibrary">
<arg>${URL}</arg>
<arg>Chrome</arg>
<doc>Opens a new browser instance to the optional ``url``.</doc>
<msg timestamp="20230125 19:18:03.187" level="INFO">Opening browser 'Chrome' to base url 'http://automationpratice.com.br/'.</msg>
<status status="PASS" starttime="20230125 19:18:03.186" endtime="20230125 19:18:18.474"/>
</kw>
<status status="PASS" starttime="20230125 19:18:03.185" endtime="20230125 19:18:18.475"/>
</kw>
<kw name="Acessando site" library="HomePage">
<kw name="Wait Until Element Is Visible" library="SeleniumLibrary">
<arg>${Button_Cadastro}</arg>
<doc>Waits until the element ``locator`` is visible.</doc>
<status status="PASS" starttime="20230125 19:18:18.476" endtime="20230125 19:18:18.523"/>
</kw>
<status status="PASS" starttime="20230125 19:18:18.476" endtime="20230125 19:18:18.523"/>
</kw>
<kw name="Clicando botao Cadastro" library="HomePage">
<kw name="Click Element" library="SeleniumLibrary">
<arg>${Button_Cadastro}</arg>
<doc>Click the element identified by ``locator``.</doc>
<msg timestamp="20230125 19:18:18.525" level="INFO">Clicking element 'css:[class='fa fa-lock']'.</msg>
<status status="PASS" starttime="20230125 19:18:18.524" endtime="20230125 19:18:18.597"/>
</kw>
<status status="PASS" starttime="20230125 19:18:18.523" endtime="20230125 19:18:18.597"/>
</kw>
<status status="PASS" starttime="20230125 19:18:03.185" endtime="20230125 19:18:18.597"/>
</kw>
<kw name="Quando o usuário cadastrar um novo cliente" library="kws">
<kw name="Verificando pagina de Cadastro" library="CadastroPage">
<kw name="Wait Until Element Is Visible" library="SeleniumLibrary">
<arg>${Input_Name}</arg>
<doc>Waits until the element ``locator`` is visible.</doc>
<status status="PASS" starttime="20230125 19:18:18.599" endtime="20230125 19:18:19.054"/>
</kw>
<status status="PASS" starttime="20230125 19:18:18.598" endtime="20230125 19:18:19.055"/>
</kw>
<kw name="Preenchendo nome" library="CadastroPage">
<kw name="Name" library="FakerLibrary">
<var>${Name}</var>
<doc>:example 'John Doe'</doc>
<msg timestamp="20230125 19:18:19.058" level="INFO">${Name} = Amanda Booth</msg>
<status status="PASS" starttime="20230125 19:18:19.055" endtime="20230125 19:18:19.059"/>
</kw>
<kw name="Input Text" library="SeleniumLibrary">
<arg>${Input_Name}</arg>
<arg>${name}</arg>
<doc>Types the given ``text`` into the text field identified by ``locator``.</doc>
<msg timestamp="20230125 19:18:19.060" level="INFO">Typing text 'Amanda Booth' into text field 'id:user'.</msg>
<status status="PASS" starttime="20230125 19:18:19.059" endtime="20230125 19:18:19.342"/>
</kw>
<status status="PASS" starttime="20230125 19:18:19.055" endtime="20230125 19:18:19.342"/>
</kw>
<kw name="Preenchendo E-mail" library="CadastroPage">
<kw name="Email" library="FakerLibrary">
<var>${Email}</var>
<msg timestamp="20230125 19:18:19.343" level="INFO">${Email} = zwilliams@example.org</msg>
<status status="PASS" starttime="20230125 19:18:19.343" endtime="20230125 19:18:19.344"/>
</kw>
<kw name="Input Text" library="SeleniumLibrary">
<arg>${Input_Email}</arg>
<arg>${Email}</arg>
<doc>Types the given ``text`` into the text field identified by ``locator``.</doc>
<msg timestamp="20230125 19:18:19.344" level="INFO">Typing text 'zwilliams@example.org' into text field 'id:email'.</msg>
<status status="PASS" starttime="20230125 19:18:19.344" endtime="20230125 19:18:19.477"/>
</kw>
<status status="PASS" starttime="20230125 19:18:19.342" endtime="20230125 19:18:19.477"/>
</kw>
<kw name="Preenchendo Senha" library="CadastroPage">
<kw name="Password" library="FakerLibrary">
<var>${Password}</var>
<doc>Generate a random password of the specified ``length``.</doc>
<msg timestamp="20230125 19:18:19.478" level="INFO">${Password} = %3gUiyoc&amp;q</msg>
<status status="PASS" starttime="20230125 19:18:19.478" endtime="20230125 19:18:19.479"/>
</kw>
<kw name="Input Text" library="SeleniumLibrary">
<arg>${Input_Password}</arg>
<arg>${Password}</arg>
<doc>Types the given ``text`` into the text field identified by ``locator``.</doc>
<msg timestamp="20230125 19:18:19.479" level="INFO">Typing text '%3gUiyoc&amp;q' into text field 'id:password'.</msg>
<status status="PASS" starttime="20230125 19:18:19.479" endtime="20230125 19:18:19.598"/>
</kw>
<status status="PASS" starttime="20230125 19:18:19.478" endtime="20230125 19:18:19.598"/>
</kw>
<kw name="Clicando Botao Cadastrar" library="CadastroPage">
<kw name="Click Element" library="SeleniumLibrary">
<arg>${Button_Register}</arg>
<doc>Click the element identified by ``locator``.</doc>
<msg timestamp="20230125 19:18:19.599" level="INFO">Clicking element 'id:btnRegister'.</msg>
<status status="PASS" starttime="20230125 19:18:19.599" endtime="20230125 19:18:19.767"/>
</kw>
<status status="PASS" starttime="20230125 19:18:19.598" endtime="20230125 19:18:19.767"/>
</kw>
<status status="PASS" starttime="20230125 19:18:18.598" endtime="20230125 19:18:19.768"/>
</kw>
<kw name="Então o cadastro deve ser concluído com sucesso" library="kws">
<kw name="Verificando se o cadastro foi concluido" library="MinhaContaPage">
<kw name="Wait Until Element Is Visible" library="SeleniumLibrary">
<arg>${RegisterConcluide}</arg>
<doc>Waits until the element ``locator`` is visible.</doc>
<status status="PASS" starttime="20230125 19:18:19.770" endtime="20230125 19:18:19.809"/>
</kw>
<status status="PASS" starttime="20230125 19:18:19.769" endtime="20230125 19:18:19.810"/>
</kw>
<kw name="Fim da Sessão" library="hooks">
<kw name="Close Browser" library="SeleniumLibrary">
<doc>Closes the current browser.</doc>
<status status="PASS" starttime="20230125 19:18:19.810" endtime="20230125 19:18:19.960"/>
</kw>
<status status="PASS" starttime="20230125 19:18:19.810" endtime="20230125 19:18:19.960"/>
</kw>
<status status="PASS" starttime="20230125 19:18:19.768" endtime="20230125 19:18:19.961"/>
</kw>
<status status="PASS" starttime="20230125 19:18:03.184" endtime="20230125 19:18:19.961"/>
</test>
<status status="PASS" starttime="20230125 19:18:01.679" endtime="20230125 19:18:19.962"/>
</suite>
<statistics>
<total>
<stat pass="1" fail="0" skip="0">All Tests</stat>
</total>
<tag>
</tag>
<suite>
<stat pass="1" fail="0" skip="0" id="s1" name="RealizarCadastro">RealizarCadastro</stat>
</suite>
</statistics>
<errors>
<msg timestamp="20230125 19:18:03.169" level="ERROR">Error in file '/Users/cleberaguiar/Projetos/automacaoWEB_automationPratice/resources/base.robot' on line 4: Resource file '../tests/tests.robot' does not exist.</msg>
</errors>
</robot>
